Build started 2015-12-09 오후 5:18:50.
     1>Project "C:\Users\ajou\Desktop\#programming\c\autosonar\autosonar\autosonar.vcxproj" on node 2 (Build target(s)).
     1>ClCompile:
         C:\Program Files\BullseyeCoverage\bin\CL.exe /c /ZI /nologo /W3 /WX- /Od /Oy- /D WIN32 /D _DEBUG /D _CONSOLE /D _LIB /D _UNICODE /D UNICODE /Gm /EHsc /RTC1 /MDd /GS /fp:precise /Zc:wchar_t /Zc:forScope /Fo"Debug\\" /Fd"Debug\vc120.pdb" /Gd /TC /analyze- /errorReport:prompt autosonar.c
         autosonar.c
     1>c:\users\ajou\desktop\#programming\c\autosonar\autosonar\autosonar.c(41): warning C4013: 'system' undefined; assuming extern returning int
     1>c:\users\ajou\desktop\#programming\c\autosonar\autosonar\autosonar.c(54): warning C4996: 'scanf': This function or variable may be unsafe. Consider using scanf_s instead. To disable deprecation, use _CRT_SECURE_NO_WARNINGS. See online help for details.
                 c:\program files (x86)\microsoft visual studio 12.0\vc\include\stdio.h(283) : see declaration of 'scanf'
     1>c:\users\ajou\desktop\#programming\c\autosonar\autosonar\autosonar.c(59): warning C4996: 'scanf': This function or variable may be unsafe. Consider using scanf_s instead. To disable deprecation, use _CRT_SECURE_NO_WARNINGS. See online help for details.
                 c:\program files (x86)\microsoft visual studio 12.0\vc\include\stdio.h(283) : see declaration of 'scanf'
     1>c:\users\ajou\desktop\#programming\c\autosonar\autosonar\autosonar.c(64): warning C4996: 'scanf': This function or variable may be unsafe. Consider using scanf_s instead. To disable deprecation, use _CRT_SECURE_NO_WARNINGS. See online help for details.
                 c:\program files (x86)\microsoft visual studio 12.0\vc\include\stdio.h(283) : see declaration of 'scanf'
     1>c:\users\ajou\desktop\#programming\c\autosonar\autosonar\autosonar.c(71): warning C4996: 'scanf': This function or variable may be unsafe. Consider using scanf_s instead. To disable deprecation, use _CRT_SECURE_NO_WARNINGS. See online help for details.
                 c:\program files (x86)\microsoft visual studio 12.0\vc\include\stdio.h(283) : see declaration of 'scanf'
     1>c:\users\ajou\desktop\#programming\c\autosonar\autosonar\autosonar.c(77): warning C4996: 'scanf': This function or variable may be unsafe. Consider using scanf_s instead. To disable deprecation, use _CRT_SECURE_NO_WARNINGS. See online help for details.
                 c:\program files (x86)\microsoft visual studio 12.0\vc\include\stdio.h(283) : see declaration of 'scanf'
     1>c:\users\ajou\desktop\#programming\c\autosonar\autosonar\autosonar.c(78): warning C4996: 'sprintf': This function or variable may be unsafe. Consider using sprintf_s instead. To disable deprecation, use _CRT_SECURE_NO_WARNINGS. See online help for details.
                 c:\program files (x86)\microsoft visual studio 12.0\vc\include\stdio.h(356) : see declaration of 'sprintf'
     1>c:\users\ajou\desktop\#programming\c\autosonar\autosonar\autosonar.c(86): warning C4996: 'sprintf': This function or variable may be unsafe. Consider using sprintf_s instead. To disable deprecation, use _CRT_SECURE_NO_WARNINGS. See online help for details.
                 c:\program files (x86)\microsoft visual studio 12.0\vc\include\stdio.h(356) : see declaration of 'sprintf'
     1>c:\users\ajou\desktop\#programming\c\autosonar\autosonar\autosonar.c(90): warning C4996: 'fopen': This function or variable may be unsafe. Consider using fopen_s instead. To disable deprecation, use _CRT_SECURE_NO_WARNINGS. See online help for details.
                 c:\program files (x86)\microsoft visual studio 12.0\vc\include\stdio.h(211) : see declaration of 'fopen'
     1>c:\users\ajou\desktop\#programming\c\autosonar\autosonar\autosonar.c(92): warning C4018: '<' : signed/unsigned mismatch
       Link:
         C:\Program Files\BullseyeCoverage\bin\link.exe /ERRORREPORT:PROMPT /OUT:"C:\Users\ajou\Desktop\#programming\c\autosonar\Debug\autosonar.exe" /INCREMENTAL /NOLOGO kernel32.lib user32.lib gdi32.lib winspool.lib comdlg32.lib advapi32.lib shell32.lib ole32.lib oleaut32.lib uuid.lib odbc32.lib odbccp32.lib /MANIFEST /MANIFESTUAC:"level='asInvoker' uiAccess='false'" /manifest:embed /DEBUG /PDB:"C:\Users\ajou\Desktop\#programming\c\autosonar\Debug\autosonar.pdb" /SUBSYSTEM:CONSOLE /TLBID:1 /DYNAMICBASE /NXCOMPAT /IMPLIB:"C:\Users\ajou\Desktop\#programming\c\autosonar\Debug\autosonar.lib" /MACHINE:X86 Debug\autosonar.obj
         autosonar.vcxproj -> C:\Users\ajou\Desktop\#programming\c\autosonar\Debug\autosonar.exe
     1>Done Building Project "C:\Users\ajou\Desktop\#programming\c\autosonar\autosonar\autosonar.vcxproj" (Build target(s)).

Build succeeded.

Time Elapsed 00:00:00.40
